Arguments: 
  D:\installapp\node\node.exe C:\Users\10049\AppData\Roaming\npm\node_modules\yarn\bin\yarn.js remove global n

PATH: 
  C:\Users\10049\AppData\Roaming\npm;D:\installapp\node\;C:\ProgramData\Oracle\Java\javapath;C:\oracle\ora90\bin;D:\installapp\ruby\Ruby23-x64\bin;C:\Windows\system32;C:\Windows;C:\Windows\System32\Wbem;C:\Windows\System32\WindowsPowerShell\v1.0\;D:\installapp\svn\bin;D:\installapp\git\bin;C:\Program Files\Java\jdk1.7.0_79\bin;C:\Program Files\Java\jdk1.7.0_79\jre\bin;D:\yspay\apache-maven-3.2.3\bin;D:\yspay\apache-tomcat-7.0.56\lib;D:\yspay\apache-tomcat-7.0.56\bin;C:\WINDOWS\system32;C:\WINDOWS;C:\WINDOWS\System32\Wbem;C:\WINDOWS\System32\WindowsPowerShell\v1.0\;D:\installapp\node\;C:\redis\;C:\Program Files\MySQL\MySQL Server 5.5\bin;C:\Program Files\nodejs\node_global;C:\Users\10049\AppData\Local\Microsoft\WindowsApps;C:\Users\10049\AppData\Roaming\npm;D:\installapp\Microsoft VS Code\bin

Yarn version: 
  1.5.1

Node version: 
  8.10.0

Platform: 
  win32 x64

npm manifest: 
  {
    "name": "my-project",
    "version": "1.0.0",
    "description": "Nuxt.js project",
    "author": "",
    "private": true,
    "scripts": {
      "dev": "nuxt",
      "build": "nuxt build",
      "start": "nuxt start",
      "generate": "nuxt generate",
      "lint": "eslint --ext .js,.vue --ignore-path .gitignore .",
      "precommit": "npm run lint"
    },
    "dependencies": {
      "nuxt": "^1.0.0"
    },
    "devDependencies": {
      "babel-eslint": "^8.2.1",
      "eslint": "^4.15.0",
      "eslint-friendly-formatter": "^3.0.0",
      "eslint-loader": "^1.7.1",
      "eslint-plugin-vue": "^4.0.0"
    }
  }

yarn manifest: 
  No manifest

Lockfile: 
  No lockfile

Trace: 
  Error: No lockfile in this directory. Run `yarn install` to generate one.
      at new MessageError (C:\Users\10049\AppData\Roaming\npm\node_modules\yarn\lib\cli.js:186:110)
      at C:\Users\10049\AppData\Roaming\npm\node_modules\yarn\lib\cli.js:89389:13
      at <anonymous>
